
ROM used: 1534 (19%)
          1534 (19%) including unused fragments

          3 Average locations per line
          10 Average locations per statement

RAM used: 46 (26%) at main() level
          55 (31%) worst case

Lines Stmts  %   Files
----- ----- ---  -----
  275   159 100  C:\Mis documentos\Programas\CCS-Progs\Motor2\motor2.c
  244     0   0  C:\ARCHIVOS DE PROGRAMA\PICC\devices\16F876.h
----- -----
 1038   318 Total

Page ROM  %  RAM  Functions:
---- --- --- ---  ----------
0     21   1   1  @delay_ms1
0     75   5   6  SetPWM
0     63   4   6  @DIVS1616
0   1023  67   3  main
0     19   1   0  @const10044
0     30   2   0  @const10049
0     21   1   5  @MUL1616
0    113   7   8  @PRINTF_LD_9600_62_63
0     21   1   3  @DIV88
0    107   7   6  @PRINTF_D_9600_62_63
0     37   2   2  @MUL88

 Segment   Used  Free
---------  ----  ----
00000-00003     4  0  
00004-007FF  1530  514  
00800-00FFF     0  2048  
01000-017FF     0  2048  
01800-01FFF     0  2048  

